Performing C SOURCE FILE Test CMAKE_HAVE_LIBC_PTHREAD failed with the following output:
Change Dir: /home/travis/build/azbyx/print_ip/CMakeFiles/CMakeTmp

Run Build Command(s):/usr/bin/make cmTC_730d1/fast && /usr/bin/make  -f CMakeFiles/cmTC_730d1.dir/build.make CMakeFiles/cmTC_730d1.dir/build
make[1]: Entering directory '/home/travis/build/azbyx/print_ip/CMakeFiles/CMakeTmp'
Building C object CMakeFiles/cmTC_730d1.dir/src.c.o
/usr/bin/gcc   -DCMAKE_HAVE_LIBC_PTHREAD   -o CMakeFiles/cmTC_730d1.dir/src.c.o   -c /home/travis/build/azbyx/print_ip/CMakeFiles/CMakeTmp/src.c
Linking C executable cmTC_730d1
/usr/local/cmake-3.16.8/bin/cmake -E cmake_link_script CMakeFiles/cmTC_730d1.dir/link.txt --verbose=1
/usr/bin/gcc  -DCMAKE_HAVE_LIBC_PTHREAD    -rdynamic CMakeFiles/cmTC_730d1.dir/src.c.o  -o cmTC_730d1 
/usr/bin/ld: CMakeFiles/cmTC_730d1.dir/src.c.o: in function `main':
src.c:(.text+0x46): undefined reference to `pthread_create'
/usr/bin/ld: src.c:(.text+0x52): undefined reference to `pthread_detach'
/usr/bin/ld: src.c:(.text+0x63): undefined reference to `pthread_join'
collect2: error: ld returned 1 exit status
make[1]: *** [CMakeFiles/cmTC_730d1.dir/build.make:90: cmTC_730d1] Error 1
make[1]: Leaving directory '/home/travis/build/azbyx/print_ip/CMakeFiles/CMakeTmp'
make: *** [Makefile:124: cmTC_730d1/fast] Error 2


Source file was:
#include <pthread.h>

void* test_func(void* data)
{
  return data;
}

int main(void)
{
  pthread_t thread;
  pthread_create(&thread, NULL, test_func, NULL);
  pthread_detach(thread);
  pthread_join(thread, NULL);
  pthread_atfork(NULL, NULL, NULL);
  pthread_exit(NULL);

  return 0;
}

